2018-04-04T10:43:30+08:00 [dq] [I] [app.go:127] dq starting up
2018-04-04T10:43:30+08:00 [dq] [I] [app.go:129] ---models:1
2018-04-04T10:43:30+08:00 [dq] [I] [app.go:135] new model :Login
2018-04-04T10:43:30+08:00 [dq] [D] [tcp_client.go:42] invalid ConnNum, reset to 1
2018-04-04T10:43:30+08:00 [dq] [D] [tcp_client.go:46] invalid ConnectInterval, reset to 3s
2018-04-04T10:43:30+08:00 [dq] [D] [tcp_client.go:50] invalid PendingWriteNum, reset to 200
2018-04-04T10:43:38+08:00 [dq] [I] [loginAgent.go:231] ----------login----readmsg---------
2018-04-04T10:43:38+08:00 [dq] [I] [loginAgent.go:238] --MsgType:CS_MsgQuickLogin
2018-04-04T10:43:38+08:00 [dq] [I] [loginAgent.go:160] ---------user login:24
2018-04-04T10:43:54+08:00 [dq] [I] [loginAgent.go:231] ----------login----readmsg---------
2018-04-04T10:43:54+08:00 [dq] [I] [loginAgent.go:238] --MsgType:Disconnect
2018-04-04T10:44:20+08:00 [dq] [I] [loginAgent.go:231] ----------login----readmsg---------
2018-04-04T10:44:20+08:00 [dq] [I] [loginAgent.go:238] --MsgType:CS_MsgQuickLogin
2018-04-04T10:44:20+08:00 [dq] [I] [loginAgent.go:160] ---------user login:24
2018-04-04T10:44:44+08:00 [dq] [I] [loginAgent.go:231] ----------login----readmsg---------
2018-04-04T10:44:44+08:00 [dq] [I] [loginAgent.go:238] --MsgType:Disconnect
2018-04-04T11:02:00+08:00 [dq] [I] [loginAgent.go:231] ----------login----readmsg---------
2018-04-04T11:02:00+08:00 [dq] [I] [loginAgent.go:238] --MsgType:CS_MsgWeiXingLogin
2018-04-04T11:02:01+08:00 [dq] [I] [loginAgent.go:69] {"session_key":"P5ztrbKvTuh4JYPvE5tSpw==","openid":"ot1fD5BWopBim40clP8b7WO6Ep5s"}
2018-04-04T11:02:01+08:00 [dq] [I] [loginAgent.go:76] ot1fD5BWopBim40clP8b7WO6Ep5s
2018-04-04T11:02:01+08:00 [dq] [I] [loginAgent.go:77] P5ztrbKvTuh4JYPvE5tSpw==
2018-04-04T11:02:01+08:00 [dq] [I] [loginAgent.go:100] ---------user login:23
2018-04-04T11:02:24+08:00 [dq] [I] [loginAgent.go:231] ----------login----readmsg---------
2018-04-04T11:02:24+08:00 [dq] [I] [loginAgent.go:238] --MsgType:Disconnect
2018-04-04T11:03:35+08:00 [dq] [I] [loginAgent.go:231] ----------login----readmsg---------
2018-04-04T11:03:35+08:00 [dq] [I] [loginAgent.go:238] --MsgType:CS_MsgQuickLogin
2018-04-04T11:03:35+08:00 [dq] [I] [loginAgent.go:160] ---------user login:24
2018-04-04T11:03:42+08:00 [dq] [I] [loginAgent.go:231] ----------login----readmsg---------
2018-04-04T11:03:42+08:00 [dq] [I] [loginAgent.go:238] --MsgType:Disconnect
2018-04-04T11:03:56+08:00 [dq] [I] [loginAgent.go:231] ----------login----readmsg---------
2018-04-04T11:03:56+08:00 [dq] [I] [loginAgent.go:238] --MsgType:CS_MsgQuickLogin
2018-04-04T11:03:56+08:00 [dq] [I] [loginAgent.go:160] ---------user login:24
2018-04-04T11:04:13+08:00 [dq] [I] [loginAgent.go:231] ----------login----readmsg---------
2018-04-04T11:04:13+08:00 [dq] [I] [loginAgent.go:238] --MsgType:Disconnect
2018-04-04T14:51:50+08:00 [dq] [D] [loginAgent.go:221] read message: read tcp 127.0.0.1:64055->127.0.0.1:1234: wsarecv: An existing connection was forcibly closed by the remote host.
