2018-04-17T14:50:41+08:00 [dq] [I] [app.go:122] dq starting up
2018-04-17T14:50:41+08:00 [dq] [I] [app.go:124] ---models:4
2018-04-17T14:50:41+08:00 [dq] [I] [app.go:133] new model :Gate
2018-04-17T14:50:41+08:00 [dq] [I] [gate.go:75] WSAddr::1117
2018-04-17T14:50:41+08:00 [dq] [I] [tcp_server.go:85] ------Listen:127.0.0.1:1234
2018-04-17T14:50:41+08:00 [dq] [I] [ws_server.go:163] ------Listen::1117
2018-04-17T14:50:41+08:00 [dq] [I] [app.go:133] new model :Login
2018-04-17T14:50:41+08:00 [dq] [I] [app.go:133] new model :Hall
2018-04-17T14:50:41+08:00 [dq] [I] [app.go:133] new model :Game5G
2018-04-17T14:50:41+08:00 [dq] [D] [tcp_client.go:42] invalid ConnNum, reset to 1
2018-04-17T14:50:41+08:00 [dq] [D] [tcp_client.go:42] invalid ConnNum, reset to 1
2018-04-17T14:50:41+08:00 [dq] [D] [tcp_client.go:46] invalid ConnectInterval, reset to 3s
2018-04-17T14:50:41+08:00 [dq] [D] [tcp_client.go:46] invalid ConnectInterval, reset to 3s
2018-04-17T14:50:41+08:00 [dq] [D] [tcp_client.go:42] invalid ConnNum, reset to 1
2018-04-17T14:50:41+08:00 [dq] [D] [tcp_client.go:50] invalid PendingWriteNum, reset to 200
2018-04-17T14:50:41+08:00 [dq] [D] [tcp_client.go:50] invalid PendingWriteNum, reset to 200
2018-04-17T14:50:41+08:00 [dq] [D] [tcp_client.go:46] invalid ConnectInterval, reset to 3s
2018-04-17T14:50:41+08:00 [dq] [D] [tcp_client.go:50] invalid PendingWriteNum, reset to 200
2018-04-17T14:50:41+08:00 [dq] [I] [serverAgent.go:60] --register modetype:Hall
2018-04-17T14:50:41+08:00 [dq] [I] [serverAgent.go:60] --register modetype:Login
2018-04-17T14:50:41+08:00 [dq] [I] [serverAgent.go:60] --register modetype:Game5G
2018-04-17T14:51:11+08:00 [dq] [I] [ws_server.go:75] SvrConnHandler
2018-04-17T14:51:11+08:00 [dq] [I] [db.go:149] no user:123456791211231,ios
2018-04-17T14:51:11+08:00 [dq] [I] [loginAgent.go:158] ---------new user:60
2018-04-17T14:51:11+08:00 [dq] [I] [serverAgent.go:92] --login--:60
2018-04-17T14:51:29+08:00 [dq] [I] [ws_server.go:75] SvrConnHandler
2018-04-17T14:51:29+08:00 [dq] [I] [db.go:149] no user:123456791211232,ios
2018-04-17T14:51:29+08:00 [dq] [I] [loginAgent.go:158] ---------new user:61
2018-04-17T14:51:29+08:00 [dq] [I] [serverAgent.go:92] --login--:61
2018-04-17T14:51:31+08:00 [dq] [I] [game5gAgent.go:283] ----DoNewGameData--
2018-04-17T14:52:31+08:00 [dq] [I] [app.go:122] dq starting up
2018-04-17T14:52:31+08:00 [dq] [I] [app.go:124] ---models:4
2018-04-17T14:52:31+08:00 [dq] [I] [app.go:133] new model :Gate
2018-04-17T14:52:31+08:00 [dq] [I] [gate.go:75] WSAddr::1117
2018-04-17T14:52:31+08:00 [dq] [I] [tcp_server.go:85] ------Listen:127.0.0.1:1234
2018-04-17T14:52:31+08:00 [dq] [I] [ws_server.go:163] ------Listen::1117
2018-04-17T14:52:31+08:00 [dq] [I] [app.go:133] new model :Login
2018-04-17T14:52:31+08:00 [dq] [I] [app.go:133] new model :Hall
2018-04-17T14:52:31+08:00 [dq] [I] [app.go:133] new model :Game5G
2018-04-17T14:52:31+08:00 [dq] [D] [tcp_client.go:42] invalid ConnNum, reset to 1
2018-04-17T14:52:31+08:00 [dq] [D] [tcp_client.go:46] invalid ConnectInterval, reset to 3s
2018-04-17T14:52:31+08:00 [dq] [D] [tcp_client.go:50] invalid PendingWriteNum, reset to 200
2018-04-17T14:52:31+08:00 [dq] [D] [tcp_client.go:42] invalid ConnNum, reset to 1
2018-04-17T14:52:31+08:00 [dq] [D] [tcp_client.go:46] invalid ConnectInterval, reset to 3s
2018-04-17T14:52:31+08:00 [dq] [D] [tcp_client.go:50] invalid PendingWriteNum, reset to 200
2018-04-17T14:52:31+08:00 [dq] [D] [tcp_client.go:42] invalid ConnNum, reset to 1
2018-04-17T14:52:31+08:00 [dq] [D] [tcp_client.go:46] invalid ConnectInterval, reset to 3s
2018-04-17T14:52:31+08:00 [dq] [D] [tcp_client.go:50] invalid PendingWriteNum, reset to 200
2018-04-17T14:52:31+08:00 [dq] [I] [serverAgent.go:60] --register modetype:Game5G
2018-04-17T14:52:31+08:00 [dq] [I] [serverAgent.go:60] --register modetype:Hall
2018-04-17T14:52:31+08:00 [dq] [I] [serverAgent.go:60] --register modetype:Login
2018-04-17T14:52:34+08:00 [dq] [I] [ws_server.go:75] SvrConnHandler
2018-04-17T14:52:34+08:00 [dq] [I] [loginAgent.go:151] ---------user login:60
2018-04-17T14:52:34+08:00 [dq] [I] [serverAgent.go:92] --login--:60
2018-04-17T14:52:43+08:00 [dq] [I] [ws_server.go:75] SvrConnHandler
2018-04-17T14:52:43+08:00 [dq] [I] [loginAgent.go:151] ---------user login:61
2018-04-17T14:52:43+08:00 [dq] [I] [serverAgent.go:92] --login--:61
2018-04-17T14:52:45+08:00 [dq] [I] [game5gAgent.go:283] ----DoNewGameData--
2018-04-17T14:58:09+08:00 [dq] [D] [app.go:149] dq closing down (signal: interrupt) 4
2018-04-17T14:58:09+08:00 [dq] [D] [game5gAgent.go:344] read message: read tcp 127.0.0.1:63963->127.0.0.1:1234: use of closed network connection
2018-04-17T14:58:09+08:00 [dq] [D] [loginAgent.go:204] read message: read tcp 127.0.0.1:63962->127.0.0.1:1234: use of closed network connection
2018-04-17T15:00:36+08:00 [dq] [I] [app.go:122] dq starting up
2018-04-17T15:00:36+08:00 [dq] [I] [app.go:124] ---models:4
2018-04-17T15:00:36+08:00 [dq] [I] [app.go:133] new model :Gate
2018-04-17T15:00:36+08:00 [dq] [I] [gate.go:75] WSAddr::1117
2018-04-17T15:00:36+08:00 [dq] [I] [tcp_server.go:85] ------Listen:127.0.0.1:1234
2018-04-17T15:00:36+08:00 [dq] [I] [ws_server.go:163] ------Listen::1117
2018-04-17T15:00:36+08:00 [dq] [I] [app.go:133] new model :Login
2018-04-17T15:00:36+08:00 [dq] [I] [app.go:133] new model :Hall
2018-04-17T15:00:36+08:00 [dq] [I] [app.go:133] new model :Game5G
2018-04-17T15:00:36+08:00 [dq] [D] [tcp_client.go:42] invalid ConnNum, reset to 1
2018-04-17T15:00:36+08:00 [dq] [D] [tcp_client.go:46] invalid ConnectInterval, reset to 3s
2018-04-17T15:00:36+08:00 [dq] [D] [tcp_client.go:50] invalid PendingWriteNum, reset to 200
2018-04-17T15:00:36+08:00 [dq] [D] [tcp_client.go:42] invalid ConnNum, reset to 1
2018-04-17T15:00:36+08:00 [dq] [D] [tcp_client.go:46] invalid ConnectInterval, reset to 3s
2018-04-17T15:00:36+08:00 [dq] [D] [tcp_client.go:50] invalid PendingWriteNum, reset to 200
2018-04-17T15:00:36+08:00 [dq] [D] [tcp_client.go:42] invalid ConnNum, reset to 1
2018-04-17T15:00:36+08:00 [dq] [D] [tcp_client.go:46] invalid ConnectInterval, reset to 3s
2018-04-17T15:00:36+08:00 [dq] [D] [tcp_client.go:50] invalid PendingWriteNum, reset to 200
2018-04-17T15:00:36+08:00 [dq] [I] [serverAgent.go:165] ------readmsg:{"ModeType":"Gate","Uid":0,"MsgId":0,"MsgType":"Register","ConnectId":0,"JsonData":"{\"ModeType\":\"Game5G\"}"}
2018-04-17T15:00:36+08:00 [dq] [I] [serverAgent.go:165] ------readmsg:{"ModeType":"Gate","Uid":0,"MsgId":0,"MsgType":"Register","ConnectId":0,"JsonData":"{\"ModeType\":\"Login\"}"}
2018-04-17T15:00:36+08:00 [dq] [I] [serverAgent.go:60] --register modetype:Game5G
2018-04-17T15:00:36+08:00 [dq] [I] [serverAgent.go:60] --register modetype:Login
2018-04-17T15:00:36+08:00 [dq] [I] [serverAgent.go:165] ------readmsg:{"ModeType":"Gate","Uid":0,"MsgId":0,"MsgType":"Register","ConnectId":0,"JsonData":"{\"ModeType\":\"Hall\"}"}
2018-04-17T15:00:36+08:00 [dq] [I] [serverAgent.go:60] --register modetype:Hall
2018-04-17T15:00:41+08:00 [dq] [I] [ws_server.go:75] SvrConnHandler
2018-04-17T15:00:41+08:00 [dq] [I] [agent.go:51] ------readmsg len119:{"ModeType":"Login","MsgType":"CS_MsgQuickLogin","JsonData":"{\"Platform\":\"ios\",\"MachineId\":\"123456791211231\"}"}
2018-04-17T15:00:41+08:00 [dq] [I] [loginAgent.go:151] ---------user login:60
2018-04-17T15:00:41+08:00 [dq] [I] [serverAgent.go:165] ------readmsg:{"ModeType":"Gate","Uid":60,"MsgId":0,"MsgType":"UserLogin","ConnectId":10000,"JsonData":""}
2018-04-17T15:00:41+08:00 [dq] [I] [serverAgent.go:92] --login--:60
2018-04-17T15:00:41+08:00 [dq] [I] [serverAgent.go:165] ------readmsg:{"ModeType":"Client","Uid":60,"MsgId":0,"MsgType":"SC_LoginResponse","ConnectId":10000,"JsonData":"{\"result\":1}"}
2018-04-17T15:00:41+08:00 [dq] [I] [serverAgent.go:165] ------readmsg:{"ModeType":"Hall","Uid":60,"MsgId":0,"MsgType":"GetInfo","ConnectId":10000,"JsonData":"{\"result\":1}"}
2018-04-17T15:00:41+08:00 [dq] [I] [serverAgent.go:165] ------readmsg:{"ModeType":"Client","Uid":60,"MsgId":0,"MsgType":"SC_MsgHallInfo","ConnectId":10000,"JsonData":"{\"PlayerInfo\":{\"Uid\":60,\"Name\":\"xiaoming60\",\"Gold\":0,\"WinCount\":1,\"LoseCount\":0,\"SeasonScore\":1000}}"}
2018-04-17T15:00:41+08:00 [dq] [I] [serverAgent.go:165] ------readmsg:{"ModeType":"Game5G","Uid":60,"MsgId":0,"MsgType":"CheckGame","ConnectId":10000,"JsonData":""}
2018-04-17T15:00:43+08:00 [dq] [I] [agent.go:51] ------readmsg len44:{"ModeType":"Hall","MsgType":"CS_QuickGame"}
2018-04-17T15:00:43+08:00 [dq] [I] [serverAgent.go:165] ------readmsg:{"ModeType":"Client","Uid":60,"MsgId":0,"MsgType":"SC_SerchPlayer","ConnectId":10000,"JsonData":""}
2018-04-17T15:00:45+08:00 [dq] [I] [ws_server.go:75] SvrConnHandler
2018-04-17T15:00:45+08:00 [dq] [I] [agent.go:51] ------readmsg len119:{"ModeType":"Login","MsgType":"CS_MsgQuickLogin","JsonData":"{\"Platform\":\"ios\",\"MachineId\":\"123456791211232\"}"}
2018-04-17T15:00:45+08:00 [dq] [I] [loginAgent.go:151] ---------user login:61
2018-04-17T15:00:45+08:00 [dq] [I] [serverAgent.go:165] ------readmsg:{"ModeType":"Gate","Uid":61,"MsgId":0,"MsgType":"UserLogin","ConnectId":10001,"JsonData":""}
2018-04-17T15:00:45+08:00 [dq] [I] [serverAgent.go:92] --login--:61
2018-04-17T15:00:45+08:00 [dq] [I] [serverAgent.go:165] ------readmsg:{"ModeType":"Client","Uid":61,"MsgId":0,"MsgType":"SC_LoginResponse","ConnectId":10001,"JsonData":"{\"result\":1}"}
2018-04-17T15:00:45+08:00 [dq] [I] [serverAgent.go:165] ------readmsg:{"ModeType":"Hall","Uid":61,"MsgId":0,"MsgType":"GetInfo","ConnectId":10001,"JsonData":"{\"result\":1}"}
2018-04-17T15:00:45+08:00 [dq] [I] [serverAgent.go:165] ------readmsg:{"ModeType":"Client","Uid":61,"MsgId":0,"MsgType":"SC_MsgHallInfo","ConnectId":10001,"JsonData":"{\"PlayerInfo\":{\"Uid\":61,\"Name\":\"xiaoming61\",\"Gold\":0,\"WinCount\":0,\"LoseCount\":1,\"SeasonScore\":1002}}"}
2018-04-17T15:00:45+08:00 [dq] [I] [serverAgent.go:165] ------readmsg:{"ModeType":"Game5G","Uid":61,"MsgId":0,"MsgType":"CheckGame","ConnectId":10001,"JsonData":""}
2018-04-17T15:00:47+08:00 [dq] [I] [agent.go:51] ------readmsg len44:{"ModeType":"Hall","MsgType":"CS_QuickGame"}
2018-04-17T15:00:47+08:00 [dq] [I] [serverAgent.go:165] ------readmsg:{"ModeType":"Client","Uid":61,"MsgId":0,"MsgType":"SC_SerchPlayer","ConnectId":10001,"JsonData":""}
2018-04-17T15:00:47+08:00 [dq] [I] [serverAgent.go:165] ------readmsg:{"ModeType":"Game5G","Uid":0,"MsgId":0,"MsgType":"NewGame","ConnectId":0,"JsonData":"{\"everytime\":30,\"player1\":61,\"player1ConnectId\":10001,\"player2\":60,\"player2ConnectId\":10000,\"time\":60}"}
2018-04-17T15:00:47+08:00 [dq] [I] [game5gAgent.go:283] ----DoNewGameData--
2018-04-17T15:00:47+08:00 [dq] [I] [serverAgent.go:165] ------readmsg:{"ModeType":"Client","Uid":61,"MsgId":0,"MsgType":"SC_NewGame","ConnectId":10001,"JsonData":"{\"GameId\":10001}"}
2018-04-17T15:00:47+08:00 [dq] [I] [serverAgent.go:165] ------readmsg:{"ModeType":"Client","Uid":60,"MsgId":0,"MsgType":"SC_NewGame","ConnectId":10000,"JsonData":"{\"GameId\":10001}"}
2018-04-17T15:00:47+08:00 [dq] [I] [agent.go:51] ------readmsg len73:{"ModeType":"Game5G","MsgType":"CS_GoIn","JsonData":"{\"GameId\":10001}"}
2018-04-17T15:00:47+08:00 [dq] [I] [serverAgent.go:165] ------readmsg:{"ModeType":"Client","Uid":60,"MsgId":0,"MsgType":"SC_GameInfo","ConnectId":10000,"JsonData":"{\"PlayerInfo\":[{\"Uid\":60,\"Name\":\"xiaoming60\",\"Gold\":0,\"WinCount\":1,\"LoseCount\":0,\"SeasonScore\":1000,\"SeatIndex\":1,\"PlayerType\":1,\"Time\":0,\"EveryTime\":30}],\"ObserveInfo\":[],\"GameInfo\":{\"GameId\":10001,\"State\":1,\"Time\":60,\"EveryTime\":30,\"GameSeatIndex\":-1,\"QiPan\":[[-1,-1,-1,-1,-1,-1,-1,-1,-1,-1,-1,-1,-1,-1,-1],[-1,-1,-1,-1,-1,-1,-1,-1,-1,-1,-1,-1,-1,-1,-1],[-1,-1,-1,-1,-1,-1,-1,-1,-1,-1,-1,-1,-1,-1,-1],[-1,-1,-1,-1,-1,-1,-1,-1,-1,-1,-1,-1,-1,-1,-1],[-1,-1,-1,-1,-1,-1,-1,-1,-1,-1,-1,-1,-1,-1,-1],[-1,-1,-1,-1,-1,-1,-1,-1,-1,-1,-1,-1,-1,-1,-1],[-1,-1,-1,-1,-1,-1,-1,-1,-1,-1,-1,-1,-1,-1,-1],[-1,-1,-1,-1,-1,-1,-1,-1,-1,-1,-1,-1,-1,-1,-1],[-1,-1,-1,-1,-1,-1,-1,-1,-1,-1,-1,-1,-1,-1,-1],[-1,-1,-1,-1,-1,-1,-1,-1,-1,-1,-1,-1,-1,-1,-1],[-1,-1,-1,-1,-1,-1,-1,-1,-1,-1,-1,-1,-1,-1,-1],[-1,-1,-1,-1,-1,-1,-1,-1,-1,-1,-1,-1,-1,-1,-1],[-1,-1,-1,-1,-1,-1,-1,-1,-1,-1,-1,-1,-1,-1,-1],[-1,-1,-1,-1,-1,-1,-1,-1,-1,-1,-1,-1,-1,-1,-1],[-1,-1,-1,-1,-1,-1,-1,-1,-1,-1,-1,-1,-1,-1,-1]]}}"}
2018-04-17T15:00:47+08:00 [dq] [I] [agent.go:51] ------readmsg len73:{"ModeType":"Game5G","MsgType":"CS_GoIn","JsonData":"{\"GameId\":10001}"}
2018-04-17T15:00:47+08:00 [dq] [I] [serverAgent.go:165] ------readmsg:{"ModeType":"Client","Uid":60,"MsgId":0,"MsgType":"SC_PlayerGoIn","ConnectId":10000,"JsonData":"{\"PlayerInfo\":{\"Uid\":61,\"Name\":\"xiaoming61\",\"Gold\":0,\"WinCount\":0,\"LoseCount\":1,\"SeasonScore\":1002,\"SeatIndex\":0,\"PlayerType\":1,\"Time\":0,\"EveryTime\":30}}"}
2018-04-17T15:00:47+08:00 [dq] [I] [serverAgent.go:165] ------readmsg:{"ModeType":"Client","Uid":61,"MsgId":0,"MsgType":"SC_GameInfo","ConnectId":10001,"JsonData":"{\"PlayerInfo\":[{\"Uid\":61,\"Name\":\"xiaoming61\",\"Gold\":0,\"WinCount\":0,\"LoseCount\":1,\"SeasonScore\":1002,\"SeatIndex\":0,\"PlayerType\":1,\"Time\":0,\"EveryTime\":30},{\"Uid\":60,\"Name\":\"xiaoming60\",\"Gold\":0,\"WinCount\":1,\"LoseCount\":0,\"SeasonScore\":1000,\"SeatIndex\":1,\"PlayerType\":1,\"Time\":0,\"EveryTime\":30}],\"ObserveInfo\":[],\"GameInfo\":{\"GameId\":10001,\"State\":1,\"Time\":60,\"EveryTime\":30,\"GameSeatIndex\":-1,\"QiPan\":[[-1,-1,-1,-1,-1,-1,-1,-1,-1,-1,-1,-1,-1,-1,-1],[-1,-1,-1,-1,-1,-1,-1,-1,-1,-1,-1,-1,-1,-1,-1],[-1,-1,-1,-1,-1,-1,-1,-1,-1,-1,-1,-1,-1,-1,-1],[-1,-1,-1,-1,-1,-1,-1,-1,-1,-1,-1,-1,-1,-1,-1],[-1,-1,-1,-1,-1,-1,-1,-1,-1,-1,-1,-1,-1,-1,-1],[-1,-1,-1,-1,-1,-1,-1,-1,-1,-1,-1,-1,-1,-1,-1],[-1,-1,-1,-1,-1,-1,-1,-1,-1,-1,-1,-1,-1,-1,-1],[-1,-1,-1,-1,-1,-1,-1,-1,-1,-1,-1,-1,-1,-1,-1],[-1,-1,-1,-1,-1,-1,-1,-1,-1,-1,-1,-1,-1,-1,-1],[-1,-1,-1,-1,-1,-1,-1,-1,-1,-1,-1,-1,-1,-1,-1],[-1,-1,-1,-1,-1,-1,-1,-1,-1,-1,-1,-1,-1,-1,-1],[-1,-1,-1,-1,-1,-1,-1,-1,-1,-1,-1,-1,-1,-1,-1],[-1,-1,-1,-1,-1,-1,-1,-1,-1,-1,-1,-1,-1,-1,-1],[-1,-1,-1,-1,-1,-1,-1,-1,-1,-1,-1,-1,-1,-1,-1],[-1,-1,-1,-1,-1,-1,-1,-1,-1,-1,-1,-1,-1,-1,-1]]}}"}
2018-04-17T15:00:47+08:00 [dq] [I] [serverAgent.go:165] ------readmsg:{"ModeType":"Client","Uid":61,"MsgId":0,"MsgType":"SC_GameStart","ConnectId":10001,"JsonData":"{\"GameSeatIndex\":-1}"}
2018-04-17T15:00:47+08:00 [dq] [I] [serverAgent.go:165] ------readmsg:{"ModeType":"Client","Uid":60,"MsgId":0,"MsgType":"SC_GameStart","ConnectId":10000,"JsonData":"{\"GameSeatIndex\":-1}"}
2018-04-17T15:00:50+08:00 [dq] [I] [serverAgent.go:165] ------readmsg:{"ModeType":"Client","Uid":61,"MsgId":0,"MsgType":"SC_ChangeGameTurn","ConnectId":10001,"JsonData":"{\"GameSeatIndex\":0,\"Time\":60,\"EveryTime\":30}"}
2018-04-17T15:00:50+08:00 [dq] [I] [serverAgent.go:165] ------readmsg:{"ModeType":"Client","Uid":60,"MsgId":0,"MsgType":"SC_ChangeGameTurn","ConnectId":10000,"JsonData":"{\"GameSeatIndex\":0,\"Time\":60,\"EveryTime\":30}"}
2018-04-17T15:00:51+08:00 [dq] [I] [agent.go:51] ------readmsg len76:{"ModeType":"Game5G","MsgType":"CS_DoGame5G","JsonData":"{\"X\":7,\"Y\":7}"}
2018-04-17T15:00:51+08:00 [dq] [I] [serverAgent.go:165] ------readmsg:{"ModeType":"Client","Uid":61,"MsgId":0,"MsgType":"SC_DoGame5G","ConnectId":10001,"JsonData":"{\"GameSeatIndex\":0,\"X\":7,\"Y\":7,\"Time\":60}"}
2018-04-17T15:00:51+08:00 [dq] [I] [serverAgent.go:165] ------readmsg:{"ModeType":"Client","Uid":60,"MsgId":0,"MsgType":"SC_DoGame5G","ConnectId":10000,"JsonData":"{\"GameSeatIndex\":0,\"X\":7,\"Y\":7,\"Time\":60}"}
2018-04-17T15:00:51+08:00 [dq] [I] [serverAgent.go:165] ------readmsg:{"ModeType":"Client","Uid":61,"MsgId":0,"MsgType":"SC_ChangeGameTurn","ConnectId":10001,"JsonData":"{\"GameSeatIndex\":1,\"Time\":60,\"EveryTime\":30}"}
2018-04-17T15:00:51+08:00 [dq] [I] [serverAgent.go:165] ------readmsg:{"ModeType":"Client","Uid":60,"MsgId":0,"MsgType":"SC_ChangeGameTurn","ConnectId":10000,"JsonData":"{\"GameSeatIndex\":1,\"Time\":60,\"EveryTime\":30}"}
2018-04-17T15:00:52+08:00 [dq] [I] [agent.go:51] ------readmsg len77:{"ModeType":"Game5G","MsgType":"CS_DoGame5G","JsonData":"{\"X\":18,\"Y\":2}"}
2018-04-17T15:00:52+08:00 [dq] [I] [serverAgent.go:165] ------readmsg:{"ModeType":"Client","Uid":60,"MsgId":0,"MsgType":"SC_Result","ConnectId":10000,"JsonData":"{\"Result\":\"cannot go in game\"}"}
2018-04-17T15:00:53+08:00 [dq] [I] [agent.go:51] ------readmsg len76:{"ModeType":"Game5G","MsgType":"CS_DoGame5G","JsonData":"{\"X\":7,\"Y\":3}"}
2018-04-17T15:00:53+08:00 [dq] [I] [serverAgent.go:165] ------readmsg:{"ModeType":"Client","Uid":61,"MsgId":0,"MsgType":"SC_DoGame5G","ConnectId":10001,"JsonData":"{\"GameSeatIndex\":1,\"X\":7,\"Y\":3,\"Time\":60}"}
2018-04-17T15:00:53+08:00 [dq] [I] [serverAgent.go:165] ------readmsg:{"ModeType":"Client","Uid":60,"MsgId":0,"MsgType":"SC_DoGame5G","ConnectId":10000,"JsonData":"{\"GameSeatIndex\":1,\"X\":7,\"Y\":3,\"Time\":60}"}
2018-04-17T15:00:53+08:00 [dq] [I] [serverAgent.go:165] ------readmsg:{"ModeType":"Client","Uid":61,"MsgId":0,"MsgType":"SC_ChangeGameTurn","ConnectId":10001,"JsonData":"{\"GameSeatIndex\":0,\"Time\":60,\"EveryTime\":30}"}
2018-04-17T15:00:53+08:00 [dq] [I] [serverAgent.go:165] ------readmsg:{"ModeType":"Client","Uid":60,"MsgId":0,"MsgType":"SC_ChangeGameTurn","ConnectId":10000,"JsonData":"{\"GameSeatIndex\":0,\"Time\":60,\"EveryTime\":30}"}
2018-04-17T15:00:54+08:00 [dq] [I] [agent.go:51] ------readmsg len77:{"ModeType":"Game5G","MsgType":"CS_DoGame5G","JsonData":"{\"X\":-3,\"Y\":1}"}
2018-04-17T15:00:54+08:00 [dq] [I] [serverAgent.go:165] ------readmsg:{"ModeType":"Client","Uid":61,"MsgId":0,"MsgType":"SC_Result","ConnectId":10001,"JsonData":"{\"Result\":\"cannot go in game\"}"}
2018-04-17T15:00:54+08:00 [dq] [I] [agent.go:51] ------readmsg len76:{"ModeType":"Game5G","MsgType":"CS_DoGame5G","JsonData":"{\"X\":8,\"Y\":7}"}
2018-04-17T15:00:54+08:00 [dq] [I] [serverAgent.go:165] ------readmsg:{"ModeType":"Client","Uid":61,"MsgId":0,"MsgType":"SC_DoGame5G","ConnectId":10001,"JsonData":"{\"GameSeatIndex\":0,\"X\":8,\"Y\":7,\"Time\":60}"}
2018-04-17T15:00:54+08:00 [dq] [I] [serverAgent.go:165] ------readmsg:{"ModeType":"Client","Uid":60,"MsgId":0,"MsgType":"SC_DoGame5G","ConnectId":10000,"JsonData":"{\"GameSeatIndex\":0,\"X\":8,\"Y\":7,\"Time\":60}"}
2018-04-17T15:00:54+08:00 [dq] [I] [serverAgent.go:165] ------readmsg:{"ModeType":"Client","Uid":61,"MsgId":0,"MsgType":"SC_ChangeGameTurn","ConnectId":10001,"JsonData":"{\"GameSeatIndex\":1,\"Time\":60,\"EveryTime\":30}"}
2018-04-17T15:00:54+08:00 [dq] [I] [serverAgent.go:165] ------readmsg:{"ModeType":"Client","Uid":60,"MsgId":0,"MsgType":"SC_ChangeGameTurn","ConnectId":10000,"JsonData":"{\"GameSeatIndex\":1,\"Time\":60,\"EveryTime\":30}"}
2018-04-17T15:00:55+08:00 [dq] [I] [agent.go:51] ------readmsg len77:{"ModeType":"Game5G","MsgType":"CS_DoGame5G","JsonData":"{\"X\":18,\"Y\":2}"}
2018-04-17T15:00:55+08:00 [dq] [I] [serverAgent.go:165] ------readmsg:{"ModeType":"Client","Uid":60,"MsgId":0,"MsgType":"SC_Result","ConnectId":10000,"JsonData":"{\"Result\":\"cannot go in game\"}"}
2018-04-17T15:00:56+08:00 [dq] [I] [agent.go:51] ------readmsg len76:{"ModeType":"Game5G","MsgType":"CS_DoGame5G","JsonData":"{\"X\":8,\"Y\":3}"}
2018-04-17T15:00:56+08:00 [dq] [I] [serverAgent.go:165] ------readmsg:{"ModeType":"Client","Uid":61,"MsgId":0,"MsgType":"SC_DoGame5G","ConnectId":10001,"JsonData":"{\"GameSeatIndex\":1,\"X\":8,\"Y\":3,\"Time\":60}"}
2018-04-17T15:00:56+08:00 [dq] [I] [serverAgent.go:165] ------readmsg:{"ModeType":"Client","Uid":60,"MsgId":0,"MsgType":"SC_DoGame5G","ConnectId":10000,"JsonData":"{\"GameSeatIndex\":1,\"X\":8,\"Y\":3,\"Time\":60}"}
2018-04-17T15:00:56+08:00 [dq] [I] [serverAgent.go:165] ------readmsg:{"ModeType":"Client","Uid":61,"MsgId":0,"MsgType":"SC_ChangeGameTurn","ConnectId":10001,"JsonData":"{\"GameSeatIndex\":0,\"Time\":60,\"EveryTime\":30}"}
2018-04-17T15:00:56+08:00 [dq] [I] [serverAgent.go:165] ------readmsg:{"ModeType":"Client","Uid":60,"MsgId":0,"MsgType":"SC_ChangeGameTurn","ConnectId":10000,"JsonData":"{\"GameSeatIndex\":0,\"Time\":60,\"EveryTime\":30}"}
2018-04-17T15:00:56+08:00 [dq] [I] [agent.go:51] ------readmsg len77:{"ModeType":"Game5G","MsgType":"CS_DoGame5G","JsonData":"{\"X\":-4,\"Y\":2}"}
2018-04-17T15:00:56+08:00 [dq] [I] [serverAgent.go:165] ------readmsg:{"ModeType":"Client","Uid":61,"MsgId":0,"MsgType":"SC_Result","ConnectId":10001,"JsonData":"{\"Result\":\"cannot go in game\"}"}
2018-04-17T15:00:57+08:00 [dq] [I] [agent.go:51] ------readmsg len76:{"ModeType":"Game5G","MsgType":"CS_DoGame5G","JsonData":"{\"X\":9,\"Y\":7}"}
2018-04-17T15:00:57+08:00 [dq] [I] [serverAgent.go:165] ------readmsg:{"ModeType":"Client","Uid":61,"MsgId":0,"MsgType":"SC_DoGame5G","ConnectId":10001,"JsonData":"{\"GameSeatIndex\":0,\"X\":9,\"Y\":7,\"Time\":60}"}
2018-04-17T15:00:57+08:00 [dq] [I] [serverAgent.go:165] ------readmsg:{"ModeType":"Client","Uid":60,"MsgId":0,"MsgType":"SC_DoGame5G","ConnectId":10000,"JsonData":"{\"GameSeatIndex\":0,\"X\":9,\"Y\":7,\"Time\":60}"}
2018-04-17T15:00:57+08:00 [dq] [I] [serverAgent.go:165] ------readmsg:{"ModeType":"Client","Uid":61,"MsgId":0,"MsgType":"SC_ChangeGameTurn","ConnectId":10001,"JsonData":"{\"GameSeatIndex\":1,\"Time\":60,\"EveryTime\":30}"}
2018-04-17T15:00:57+08:00 [dq] [I] [serverAgent.go:165] ------readmsg:{"ModeType":"Client","Uid":60,"MsgId":0,"MsgType":"SC_ChangeGameTurn","ConnectId":10000,"JsonData":"{\"GameSeatIndex\":1,\"Time\":60,\"EveryTime\":30}"}
2018-04-17T15:00:58+08:00 [dq] [I] [agent.go:51] ------readmsg len77:{"ModeType":"Game5G","MsgType":"CS_DoGame5G","JsonData":"{\"X\":18,\"Y\":2}"}
2018-04-17T15:00:58+08:00 [dq] [I] [serverAgent.go:165] ------readmsg:{"ModeType":"Client","Uid":60,"MsgId":0,"MsgType":"SC_Result","ConnectId":10000,"JsonData":"{\"Result\":\"cannot go in game\"}"}
2018-04-17T15:00:59+08:00 [dq] [I] [agent.go:51] ------readmsg len76:{"ModeType":"Game5G","MsgType":"CS_DoGame5G","JsonData":"{\"X\":9,\"Y\":3}"}
2018-04-17T15:00:59+08:00 [dq] [I] [serverAgent.go:165] ------readmsg:{"ModeType":"Client","Uid":61,"MsgId":0,"MsgType":"SC_DoGame5G","ConnectId":10001,"JsonData":"{\"GameSeatIndex\":1,\"X\":9,\"Y\":3,\"Time\":60}"}
2018-04-17T15:00:59+08:00 [dq] [I] [serverAgent.go:165] ------readmsg:{"ModeType":"Client","Uid":60,"MsgId":0,"MsgType":"SC_DoGame5G","ConnectId":10000,"JsonData":"{\"GameSeatIndex\":1,\"X\":9,\"Y\":3,\"Time\":60}"}
2018-04-17T15:00:59+08:00 [dq] [I] [serverAgent.go:165] ------readmsg:{"ModeType":"Client","Uid":61,"MsgId":0,"MsgType":"SC_ChangeGameTurn","ConnectId":10001,"JsonData":"{\"GameSeatIndex\":0,\"Time\":60,\"EveryTime\":30}"}
2018-04-17T15:00:59+08:00 [dq] [I] [serverAgent.go:165] ------readmsg:{"ModeType":"Client","Uid":60,"MsgId":0,"MsgType":"SC_ChangeGameTurn","ConnectId":10000,"JsonData":"{\"GameSeatIndex\":0,\"Time\":60,\"EveryTime\":30}"}
2018-04-17T15:00:59+08:00 [dq] [I] [agent.go:51] ------readmsg len77:{"ModeType":"Game5G","MsgType":"CS_DoGame5G","JsonData":"{\"X\":-3,\"Y\":2}"}
2018-04-17T15:00:59+08:00 [dq] [I] [serverAgent.go:165] ------readmsg:{"ModeType":"Client","Uid":61,"MsgId":0,"MsgType":"SC_Result","ConnectId":10001,"JsonData":"{\"Result\":\"cannot go in game\"}"}
2018-04-17T15:01:00+08:00 [dq] [I] [agent.go:51] ------readmsg len77:{"ModeType":"Game5G","MsgType":"CS_DoGame5G","JsonData":"{\"X\":10,\"Y\":7}"}
2018-04-17T15:01:00+08:00 [dq] [I] [serverAgent.go:165] ------readmsg:{"ModeType":"Client","Uid":61,"MsgId":0,"MsgType":"SC_DoGame5G","ConnectId":10001,"JsonData":"{\"GameSeatIndex\":0,\"X\":10,\"Y\":7,\"Time\":60}"}
2018-04-17T15:01:00+08:00 [dq] [I] [serverAgent.go:165] ------readmsg:{"ModeType":"Client","Uid":60,"MsgId":0,"MsgType":"SC_DoGame5G","ConnectId":10000,"JsonData":"{\"GameSeatIndex\":0,\"X\":10,\"Y\":7,\"Time\":60}"}
2018-04-17T15:01:00+08:00 [dq] [I] [serverAgent.go:165] ------readmsg:{"ModeType":"Client","Uid":61,"MsgId":0,"MsgType":"SC_ChangeGameTurn","ConnectId":10001,"JsonData":"{\"GameSeatIndex\":1,\"Time\":60,\"EveryTime\":30}"}
2018-04-17T15:01:00+08:00 [dq] [I] [serverAgent.go:165] ------readmsg:{"ModeType":"Client","Uid":60,"MsgId":0,"MsgType":"SC_ChangeGameTurn","ConnectId":10000,"JsonData":"{\"GameSeatIndex\":1,\"Time\":60,\"EveryTime\":30}"}
2018-04-17T15:01:01+08:00 [dq] [I] [agent.go:51] ------readmsg len77:{"ModeType":"Game5G","MsgType":"CS_DoGame5G","JsonData":"{\"X\":18,\"Y\":3}"}
2018-04-17T15:01:01+08:00 [dq] [I] [serverAgent.go:165] ------readmsg:{"ModeType":"Client","Uid":60,"MsgId":0,"MsgType":"SC_Result","ConnectId":10000,"JsonData":"{\"Result\":\"cannot go in game\"}"}
2018-04-17T15:01:02+08:00 [dq] [I] [agent.go:51] ------readmsg len77:{"ModeType":"Game5G","MsgType":"CS_DoGame5G","JsonData":"{\"X\":10,\"Y\":3}"}
2018-04-17T15:01:02+08:00 [dq] [I] [serverAgent.go:165] ------readmsg:{"ModeType":"Client","Uid":61,"MsgId":0,"MsgType":"SC_DoGame5G","ConnectId":10001,"JsonData":"{\"GameSeatIndex\":1,\"X\":10,\"Y\":3,\"Time\":60}"}
2018-04-17T15:01:02+08:00 [dq] [I] [serverAgent.go:165] ------readmsg:{"ModeType":"Client","Uid":60,"MsgId":0,"MsgType":"SC_DoGame5G","ConnectId":10000,"JsonData":"{\"GameSeatIndex\":1,\"X\":10,\"Y\":3,\"Time\":60}"}
2018-04-17T15:01:02+08:00 [dq] [I] [serverAgent.go:165] ------readmsg:{"ModeType":"Client","Uid":61,"MsgId":0,"MsgType":"SC_ChangeGameTurn","ConnectId":10001,"JsonData":"{\"GameSeatIndex\":0,\"Time\":60,\"EveryTime\":30}"}
2018-04-17T15:01:02+08:00 [dq] [I] [serverAgent.go:165] ------readmsg:{"ModeType":"Client","Uid":60,"MsgId":0,"MsgType":"SC_ChangeGameTurn","ConnectId":10000,"JsonData":"{\"GameSeatIndex\":0,\"Time\":60,\"EveryTime\":30}"}
2018-04-17T15:01:02+08:00 [dq] [I] [agent.go:51] ------readmsg len77:{"ModeType":"Game5G","MsgType":"CS_DoGame5G","JsonData":"{\"X\":-4,\"Y\":2}"}
2018-04-17T15:01:02+08:00 [dq] [I] [serverAgent.go:165] ------readmsg:{"ModeType":"Client","Uid":61,"MsgId":0,"MsgType":"SC_Result","ConnectId":10001,"JsonData":"{\"Result\":\"cannot go in game\"}"}
2018-04-17T15:01:04+08:00 [dq] [I] [agent.go:51] ------readmsg len77:{"ModeType":"Game5G","MsgType":"CS_DoGame5G","JsonData":"{\"X\":11,\"Y\":7}"}
2018-04-17T15:01:04+08:00 [dq] [I] [gamelogic.go:303] ----------win:10-----lose:8
2018-04-17T15:01:04+08:00 [dq] [I] [serverAgent.go:165] ------readmsg:{"ModeType":"Client","Uid":61,"MsgId":0,"MsgType":"SC_DoGame5G","ConnectId":10001,"JsonData":"{\"GameSeatIndex\":0,\"X\":11,\"Y\":7,\"Time\":60}"}
2018-04-17T15:01:04+08:00 [dq] [I] [serverAgent.go:165] ------readmsg:{"ModeType":"Client","Uid":60,"MsgId":0,"MsgType":"SC_DoGame5G","ConnectId":10000,"JsonData":"{\"GameSeatIndex\":0,\"X\":11,\"Y\":7,\"Time\":60}"}
2018-04-17T15:01:04+08:00 [dq] [I] [serverAgent.go:165] ------readmsg:{"ModeType":"Client","Uid":61,"MsgId":0,"MsgType":"SC_MsgHallInfo","ConnectId":10001,"JsonData":"{\"PlayerInfo\":{\"Uid\":61,\"Name\":\"xiaoming61\",\"Gold\":0,\"WinCount\":1,\"LoseCount\":1,\"SeasonScore\":1002}}"}
2018-04-17T15:01:04+08:00 [dq] [I] [serverAgent.go:165] ------readmsg:{"ModeType":"Client","Uid":60,"MsgId":0,"MsgType":"SC_MsgHallInfo","ConnectId":10000,"JsonData":"{\"PlayerInfo\":{\"Uid\":60,\"Name\":\"xiaoming60\",\"Gold\":0,\"WinCount\":1,\"LoseCount\":1,\"SeasonScore\":1002}}"}
2018-04-17T15:01:04+08:00 [dq] [I] [serverAgent.go:165] ------readmsg:{"ModeType":"Client","Uid":61,"MsgId":0,"MsgType":"SC_GameOver","ConnectId":10001,"JsonData":"{\"WinPlayerSeatIndex\":0}"}
2018-04-17T15:01:04+08:00 [dq] [I] [serverAgent.go:165] ------readmsg:{"ModeType":"Client","Uid":60,"MsgId":0,"MsgType":"SC_GameOver","ConnectId":10000,"JsonData":"{\"WinPlayerSeatIndex\":0}"}
2018-04-17T15:01:19+08:00 [dq] [D] [app.go:149] dq closing down (signal: interrupt) 4
2018-04-17T15:01:19+08:00 [dq] [D] [game5gAgent.go:344] read message: read tcp 127.0.0.1:64053->127.0.0.1:1234: use of closed network connection
2018-04-17T15:01:19+08:00 [dq] [D] [serverAgent.go:162] read message: EOF
2018-04-17T15:07:42+08:00 [dq] [I] [app.go:122] dq starting up
2018-04-17T15:07:42+08:00 [dq] [I] [app.go:124] ---models:4
2018-04-17T15:07:42+08:00 [dq] [I] [app.go:133] new model :Gate
2018-04-17T15:07:42+08:00 [dq] [I] [gate.go:75] WSAddr::1117
2018-04-17T15:07:42+08:00 [dq] [I] [tcp_server.go:85] ------Listen:127.0.0.1:1234
2018-04-17T15:07:42+08:00 [dq] [I] [ws_server.go:163] ------Listen::1117
2018-04-17T15:07:42+08:00 [dq] [I] [app.go:133] new model :Login
2018-04-17T15:07:42+08:00 [dq] [I] [app.go:133] new model :Hall
2018-04-17T15:07:42+08:00 [dq] [I] [app.go:133] new model :Game5G
2018-04-17T15:07:42+08:00 [dq] [D] [tcp_client.go:42] invalid ConnNum, reset to 1
2018-04-17T15:07:42+08:00 [dq] [D] [tcp_client.go:46] invalid ConnectInterval, reset to 3s
2018-04-17T15:07:42+08:00 [dq] [D] [tcp_client.go:50] invalid PendingWriteNum, reset to 200
2018-04-17T15:07:42+08:00 [dq] [D] [tcp_client.go:42] invalid ConnNum, reset to 1
2018-04-17T15:07:42+08:00 [dq] [D] [tcp_client.go:46] invalid ConnectInterval, reset to 3s
2018-04-17T15:07:42+08:00 [dq] [D] [tcp_client.go:42] invalid ConnNum, reset to 1
2018-04-17T15:07:42+08:00 [dq] [D] [tcp_client.go:50] invalid PendingWriteNum, reset to 200
2018-04-17T15:07:42+08:00 [dq] [D] [tcp_client.go:46] invalid ConnectInterval, reset to 3s
2018-04-17T15:07:42+08:00 [dq] [D] [tcp_client.go:50] invalid PendingWriteNum, reset to 200
2018-04-17T15:07:42+08:00 [dq] [I] [serverAgent.go:165] ------readmsg:{"ModeType":"Gate","Uid":0,"MsgId":0,"MsgType":"Register","ConnectId":0,"JsonData":"{\"ModeType\":\"Game5G\"}"}
2018-04-17T15:07:42+08:00 [dq] [I] [serverAgent.go:60] --register modetype:Game5G
2018-04-17T15:07:42+08:00 [dq] [I] [serverAgent.go:165] ------readmsg:{"ModeType":"Gate","Uid":0,"MsgId":0,"MsgType":"Register","ConnectId":0,"JsonData":"{\"ModeType\":\"Hall\"}"}
2018-04-17T15:07:42+08:00 [dq] [I] [serverAgent.go:60] --register modetype:Hall
2018-04-17T15:07:42+08:00 [dq] [I] [serverAgent.go:165] ------readmsg:{"ModeType":"Gate","Uid":0,"MsgId":0,"MsgType":"Register","ConnectId":0,"JsonData":"{\"ModeType\":\"Login\"}"}
2018-04-17T15:07:42+08:00 [dq] [I] [serverAgent.go:60] --register modetype:Login
2018-04-17T15:07:48+08:00 [dq] [I] [ws_server.go:75] SvrConnHandler
2018-04-17T15:07:48+08:00 [dq] [I] [agent.go:51] ------readmsg len119:{"ModeType":"Login","MsgType":"CS_MsgQuickLogin","JsonData":"{\"Platform\":\"ios\",\"MachineId\":\"123456791211231\"}"}
2018-04-17T15:07:48+08:00 [dq] [I] [loginAgent.go:151] ---------user login:60
2018-04-17T15:07:48+08:00 [dq] [I] [serverAgent.go:165] ------readmsg:{"ModeType":"Gate","Uid":60,"MsgId":0,"MsgType":"UserLogin","ConnectId":10000,"JsonData":""}
2018-04-17T15:07:48+08:00 [dq] [I] [serverAgent.go:92] --login--:60
2018-04-17T15:07:48+08:00 [dq] [I] [serverAgent.go:165] ------readmsg:{"ModeType":"Client","Uid":60,"MsgId":0,"MsgType":"SC_LoginResponse","ConnectId":10000,"JsonData":"{\"result\":1}"}
2018-04-17T15:07:48+08:00 [dq] [I] [serverAgent.go:165] ------readmsg:{"ModeType":"Hall","Uid":60,"MsgId":0,"MsgType":"GetInfo","ConnectId":10000,"JsonData":"{\"result\":1}"}
2018-04-17T15:07:48+08:00 [dq] [I] [serverAgent.go:165] ------readmsg:{"ModeType":"Client","Uid":60,"MsgId":0,"MsgType":"SC_MsgHallInfo","ConnectId":10000,"JsonData":"{\"PlayerInfo\":{\"Uid\":60,\"Name\":\"xiaoming60\",\"Gold\":0,\"WinCount\":1,\"LoseCount\":1,\"SeasonScore\":1002}}"}
2018-04-17T15:07:48+08:00 [dq] [I] [serverAgent.go:165] ------readmsg:{"ModeType":"Game5G","Uid":60,"MsgId":0,"MsgType":"CheckGame","ConnectId":10000,"JsonData":""}
2018-04-17T15:07:50+08:00 [dq] [I] [ws_server.go:75] SvrConnHandler
2018-04-17T15:07:50+08:00 [dq] [I] [agent.go:51] ------readmsg len119:{"ModeType":"Login","MsgType":"CS_MsgQuickLogin","JsonData":"{\"Platform\":\"ios\",\"MachineId\":\"123456791211232\"}"}
2018-04-17T15:07:50+08:00 [dq] [I] [loginAgent.go:151] ---------user login:61
2018-04-17T15:07:50+08:00 [dq] [I] [serverAgent.go:165] ------readmsg:{"ModeType":"Gate","Uid":61,"MsgId":0,"MsgType":"UserLogin","ConnectId":10001,"JsonData":""}
2018-04-17T15:07:50+08:00 [dq] [I] [serverAgent.go:92] --login--:61
2018-04-17T15:07:50+08:00 [dq] [I] [serverAgent.go:165] ------readmsg:{"ModeType":"Client","Uid":61,"MsgId":0,"MsgType":"SC_LoginResponse","ConnectId":10001,"JsonData":"{\"result\":1}"}
2018-04-17T15:07:50+08:00 [dq] [I] [serverAgent.go:165] ------readmsg:{"ModeType":"Hall","Uid":61,"MsgId":0,"MsgType":"GetInfo","ConnectId":10001,"JsonData":"{\"result\":1}"}
2018-04-17T15:07:50+08:00 [dq] [I] [serverAgent.go:165] ------readmsg:{"ModeType":"Client","Uid":61,"MsgId":0,"MsgType":"SC_MsgHallInfo","ConnectId":10001,"JsonData":"{\"PlayerInfo\":{\"Uid\":61,\"Name\":\"xiaoming61\",\"Gold\":0,\"WinCount\":1,\"LoseCount\":1,\"SeasonScore\":1002}}"}
2018-04-17T15:07:50+08:00 [dq] [I] [serverAgent.go:165] ------readmsg:{"ModeType":"Game5G","Uid":61,"MsgId":0,"MsgType":"CheckGame","ConnectId":10001,"JsonData":""}
2018-04-17T15:07:51+08:00 [dq] [I] [agent.go:51] ------readmsg len44:{"ModeType":"Hall","MsgType":"CS_QuickGame"}
2018-04-17T15:07:51+08:00 [dq] [I] [serverAgent.go:165] ------readmsg:{"ModeType":"Client","Uid":61,"MsgId":0,"MsgType":"SC_SerchPlayer","ConnectId":10001,"JsonData":""}
2018-04-17T15:07:52+08:00 [dq] [I] [agent.go:51] ------readmsg len44:{"ModeType":"Hall","MsgType":"CS_QuickGame"}
2018-04-17T15:07:52+08:00 [dq] [I] [serverAgent.go:165] ------readmsg:{"ModeType":"Client","Uid":60,"MsgId":0,"MsgType":"SC_SerchPlayer","ConnectId":10000,"JsonData":""}
2018-04-17T15:07:53+08:00 [dq] [I] [serverAgent.go:165] ------readmsg:{"ModeType":"Game5G","Uid":0,"MsgId":0,"MsgType":"NewGame","ConnectId":0,"JsonData":"{\"everytime\":30,\"player1\":61,\"player1ConnectId\":10001,\"player2\":60,\"player2ConnectId\":10000,\"time\":60}"}
2018-04-17T15:07:53+08:00 [dq] [I] [game5gAgent.go:283] ----DoNewGameData--
2018-04-17T15:07:53+08:00 [dq] [I] [serverAgent.go:165] ------readmsg:{"ModeType":"Client","Uid":61,"MsgId":0,"MsgType":"SC_NewGame","ConnectId":10001,"JsonData":"{\"GameId\":10001}"}
2018-04-17T15:07:53+08:00 [dq] [I] [serverAgent.go:165] ------readmsg:{"ModeType":"Client","Uid":60,"MsgId":0,"MsgType":"SC_NewGame","ConnectId":10000,"JsonData":"{\"GameId\":10001}"}
2018-04-17T15:07:53+08:00 [dq] [I] [agent.go:51] ------readmsg len73:{"ModeType":"Game5G","MsgType":"CS_GoIn","JsonData":"{\"GameId\":10001}"}
2018-04-17T15:07:53+08:00 [dq] [I] [serverAgent.go:165] ------readmsg:{"ModeType":"Client","Uid":60,"MsgId":0,"MsgType":"SC_GameInfo","ConnectId":10000,"JsonData":"{\"PlayerInfo\":[{\"Uid\":60,\"Name\":\"xiaoming60\",\"Gold\":0,\"WinCount\":1,\"LoseCount\":1,\"SeasonScore\":1002,\"SeatIndex\":1,\"PlayerType\":1,\"Time\":0,\"EveryTime\":30}],\"ObserveInfo\":[],\"GameInfo\":{\"GameId\":10001,\"State\":1,\"Time\":60,\"EveryTime\":30,\"GameSeatIndex\":-1,\"QiPan\":[[-1,-1,-1,-1,-1,-1,-1,-1,-1,-1,-1,-1,-1,-1,-1],[-1,-1,-1,-1,-1,-1,-1,-1,-1,-1,-1,-1,-1,-1,-1],[-1,-1,-1,-1,-1,-1,-1,-1,-1,-1,-1,-1,-1,-1,-1],[-1,-1,-1,-1,-1,-1,-1,-1,-1,-1,-1,-1,-1,-1,-1],[-1,-1,-1,-1,-1,-1,-1,-1,-1,-1,-1,-1,-1,-1,-1],[-1,-1,-1,-1,-1,-1,-1,-1,-1,-1,-1,-1,-1,-1,-1],[-1,-1,-1,-1,-1,-1,-1,-1,-1,-1,-1,-1,-1,-1,-1],[-1,-1,-1,-1,-1,-1,-1,-1,-1,-1,-1,-1,-1,-1,-1],[-1,-1,-1,-1,-1,-1,-1,-1,-1,-1,-1,-1,-1,-1,-1],[-1,-1,-1,-1,-1,-1,-1,-1,-1,-1,-1,-1,-1,-1,-1],[-1,-1,-1,-1,-1,-1,-1,-1,-1,-1,-1,-1,-1,-1,-1],[-1,-1,-1,-1,-1,-1,-1,-1,-1,-1,-1,-1,-1,-1,-1],[-1,-1,-1,-1,-1,-1,-1,-1,-1,-1,-1,-1,-1,-1,-1],[-1,-1,-1,-1,-1,-1,-1,-1,-1,-1,-1,-1,-1,-1,-1],[-1,-1,-1,-1,-1,-1,-1,-1,-1,-1,-1,-1,-1,-1,-1]]}}"}
2018-04-17T15:07:53+08:00 [dq] [I] [agent.go:51] ------readmsg len73:{"ModeType":"Game5G","MsgType":"CS_GoIn","JsonData":"{\"GameId\":10001}"}
2018-04-17T15:07:53+08:00 [dq] [I] [serverAgent.go:165] ------readmsg:{"ModeType":"Client","Uid":60,"MsgId":0,"MsgType":"SC_PlayerGoIn","ConnectId":10000,"JsonData":"{\"PlayerInfo\":{\"Uid\":61,\"Name\":\"xiaoming61\",\"Gold\":0,\"WinCount\":1,\"LoseCount\":1,\"SeasonScore\":1002,\"SeatIndex\":0,\"PlayerType\":1,\"Time\":0,\"EveryTime\":30}}"}
2018-04-17T15:07:53+08:00 [dq] [I] [serverAgent.go:165] ------readmsg:{"ModeType":"Client","Uid":61,"MsgId":0,"MsgType":"SC_GameInfo","ConnectId":10001,"JsonData":"{\"PlayerInfo\":[{\"Uid\":61,\"Name\":\"xiaoming61\",\"Gold\":0,\"WinCount\":1,\"LoseCount\":1,\"SeasonScore\":1002,\"SeatIndex\":0,\"PlayerType\":1,\"Time\":0,\"EveryTime\":30},{\"Uid\":60,\"Name\":\"xiaoming60\",\"Gold\":0,\"WinCount\":1,\"LoseCount\":1,\"SeasonScore\":1002,\"SeatIndex\":1,\"PlayerType\":1,\"Time\":0,\"EveryTime\":30}],\"ObserveInfo\":[],\"GameInfo\":{\"GameId\":10001,\"State\":1,\"Time\":60,\"EveryTime\":30,\"GameSeatIndex\":-1,\"QiPan\":[[-1,-1,-1,-1,-1,-1,-1,-1,-1,-1,-1,-1,-1,-1,-1],[-1,-1,-1,-1,-1,-1,-1,-1,-1,-1,-1,-1,-1,-1,-1],[-1,-1,-1,-1,-1,-1,-1,-1,-1,-1,-1,-1,-1,-1,-1],[-1,-1,-1,-1,-1,-1,-1,-1,-1,-1,-1,-1,-1,-1,-1],[-1,-1,-1,-1,-1,-1,-1,-1,-1,-1,-1,-1,-1,-1,-1],[-1,-1,-1,-1,-1,-1,-1,-1,-1,-1,-1,-1,-1,-1,-1],[-1,-1,-1,-1,-1,-1,-1,-1,-1,-1,-1,-1,-1,-1,-1],[-1,-1,-1,-1,-1,-1,-1,-1,-1,-1,-1,-1,-1,-1,-1],[-1,-1,-1,-1,-1,-1,-1,-1,-1,-1,-1,-1,-1,-1,-1],[-1,-1,-1,-1,-1,-1,-1,-1,-1,-1,-1,-1,-1,-1,-1],[-1,-1,-1,-1,-1,-1,-1,-1,-1,-1,-1,-1,-1,-1,-1],[-1,-1,-1,-1,-1,-1,-1,-1,-1,-1,-1,-1,-1,-1,-1],[-1,-1,-1,-1,-1,-1,-1,-1,-1,-1,-1,-1,-1,-1,-1],[-1,-1,-1,-1,-1,-1,-1,-1,-1,-1,-1,-1,-1,-1,-1],[-1,-1,-1,-1,-1,-1,-1,-1,-1,-1,-1,-1,-1,-1,-1]]}}"}
2018-04-17T15:07:53+08:00 [dq] [I] [serverAgent.go:165] ------readmsg:{"ModeType":"Client","Uid":61,"MsgId":0,"MsgType":"SC_GameStart","ConnectId":10001,"JsonData":"{\"GameSeatIndex\":-1}"}
2018-04-17T15:07:53+08:00 [dq] [I] [serverAgent.go:165] ------readmsg:{"ModeType":"Client","Uid":60,"MsgId":0,"MsgType":"SC_GameStart","ConnectId":10000,"JsonData":"{\"GameSeatIndex\":-1}"}
2018-04-17T15:07:56+08:00 [dq] [I] [serverAgent.go:165] ------readmsg:{"ModeType":"Client","Uid":61,"MsgId":0,"MsgType":"SC_ChangeGameTurn","ConnectId":10001,"JsonData":"{\"GameSeatIndex\":0,\"Time\":60,\"EveryTime\":30}"}
2018-04-17T15:07:56+08:00 [dq] [I] [serverAgent.go:165] ------readmsg:{"ModeType":"Client","Uid":60,"MsgId":0,"MsgType":"SC_ChangeGameTurn","ConnectId":10000,"JsonData":"{\"GameSeatIndex\":0,\"Time\":60,\"EveryTime\":30}"}
2018-04-17T15:07:56+08:00 [dq] [I] [agent.go:51] ------readmsg len76:{"ModeType":"Game5G","MsgType":"CS_DoGame5G","JsonData":"{\"X\":7,\"Y\":7}"}
2018-04-17T15:07:56+08:00 [dq] [I] [serverAgent.go:165] ------readmsg:{"ModeType":"Client","Uid":61,"MsgId":0,"MsgType":"SC_DoGame5G","ConnectId":10001,"JsonData":"{\"GameSeatIndex\":0,\"X\":7,\"Y\":7,\"Time\":60}"}
2018-04-17T15:07:56+08:00 [dq] [I] [serverAgent.go:165] ------readmsg:{"ModeType":"Client","Uid":60,"MsgId":0,"MsgType":"SC_DoGame5G","ConnectId":10000,"JsonData":"{\"GameSeatIndex\":0,\"X\":7,\"Y\":7,\"Time\":60}"}
2018-04-17T15:07:56+08:00 [dq] [I] [serverAgent.go:165] ------readmsg:{"ModeType":"Client","Uid":61,"MsgId":0,"MsgType":"SC_ChangeGameTurn","ConnectId":10001,"JsonData":"{\"GameSeatIndex\":1,\"Time\":60,\"EveryTime\":30}"}
2018-04-17T15:07:56+08:00 [dq] [I] [serverAgent.go:165] ------readmsg:{"ModeType":"Client","Uid":60,"MsgId":0,"MsgType":"SC_ChangeGameTurn","ConnectId":10000,"JsonData":"{\"GameSeatIndex\":1,\"Time\":60,\"EveryTime\":30}"}
2018-04-17T15:07:57+08:00 [dq] [I] [agent.go:51] ------readmsg len76:{"ModeType":"Game5G","MsgType":"CS_DoGame5G","JsonData":"{\"X\":5,\"Y\":0}"}
2018-04-17T15:07:57+08:00 [dq] [I] [serverAgent.go:165] ------readmsg:{"ModeType":"Client","Uid":61,"MsgId":0,"MsgType":"SC_DoGame5G","ConnectId":10001,"JsonData":"{\"GameSeatIndex\":1,\"X\":5,\"Y\":0,\"Time\":60}"}
2018-04-17T15:07:57+08:00 [dq] [I] [serverAgent.go:165] ------readmsg:{"ModeType":"Client","Uid":60,"MsgId":0,"MsgType":"SC_DoGame5G","ConnectId":10000,"JsonData":"{\"GameSeatIndex\":1,\"X\":5,\"Y\":0,\"Time\":60}"}
2018-04-17T15:07:57+08:00 [dq] [I] [serverAgent.go:165] ------readmsg:{"ModeType":"Client","Uid":61,"MsgId":0,"MsgType":"SC_ChangeGameTurn","ConnectId":10001,"JsonData":"{\"GameSeatIndex\":0,\"Time\":60,\"EveryTime\":30}"}
2018-04-17T15:07:57+08:00 [dq] [I] [serverAgent.go:165] ------readmsg:{"ModeType":"Client","Uid":60,"MsgId":0,"MsgType":"SC_ChangeGameTurn","ConnectId":10000,"JsonData":"{\"GameSeatIndex\":0,\"Time\":60,\"EveryTime\":30}"}
2018-04-17T15:07:59+08:00 [dq] [I] [agent.go:51] ------readmsg len76:{"ModeType":"Game5G","MsgType":"CS_DoGame5G","JsonData":"{\"X\":8,\"Y\":7}"}
2018-04-17T15:07:59+08:00 [dq] [I] [serverAgent.go:165] ------readmsg:{"ModeType":"Client","Uid":61,"MsgId":0,"MsgType":"SC_DoGame5G","ConnectId":10001,"JsonData":"{\"GameSeatIndex\":0,\"X\":8,\"Y\":7,\"Time\":60}"}
2018-04-17T15:07:59+08:00 [dq] [I] [serverAgent.go:165] ------readmsg:{"ModeType":"Client","Uid":60,"MsgId":0,"MsgType":"SC_DoGame5G","ConnectId":10000,"JsonData":"{\"GameSeatIndex\":0,\"X\":8,\"Y\":7,\"Time\":60}"}
2018-04-17T15:07:59+08:00 [dq] [I] [serverAgent.go:165] ------readmsg:{"ModeType":"Client","Uid":61,"MsgId":0,"MsgType":"SC_ChangeGameTurn","ConnectId":10001,"JsonData":"{\"GameSeatIndex\":1,\"Time\":60,\"EveryTime\":30}"}
2018-04-17T15:07:59+08:00 [dq] [I] [serverAgent.go:165] ------readmsg:{"ModeType":"Client","Uid":60,"MsgId":0,"MsgType":"SC_ChangeGameTurn","ConnectId":10000,"JsonData":"{\"GameSeatIndex\":1,\"Time\":60,\"EveryTime\":30}"}
2018-04-17T15:08:00+08:00 [dq] [I] [agent.go:51] ------readmsg len76:{"ModeType":"Game5G","MsgType":"CS_DoGame5G","JsonData":"{\"X\":9,\"Y\":1}"}
2018-04-17T15:08:00+08:00 [dq] [I] [serverAgent.go:165] ------readmsg:{"ModeType":"Client","Uid":61,"MsgId":0,"MsgType":"SC_DoGame5G","ConnectId":10001,"JsonData":"{\"GameSeatIndex\":1,\"X\":9,\"Y\":1,\"Time\":60}"}
2018-04-17T15:08:00+08:00 [dq] [I] [serverAgent.go:165] ------readmsg:{"ModeType":"Client","Uid":60,"MsgId":0,"MsgType":"SC_DoGame5G","ConnectId":10000,"JsonData":"{\"GameSeatIndex\":1,\"X\":9,\"Y\":1,\"Time\":60}"}
2018-04-17T15:08:00+08:00 [dq] [I] [serverAgent.go:165] ------readmsg:{"ModeType":"Client","Uid":61,"MsgId":0,"MsgType":"SC_ChangeGameTurn","ConnectId":10001,"JsonData":"{\"GameSeatIndex\":0,\"Time\":60,\"EveryTime\":30}"}
2018-04-17T15:08:00+08:00 [dq] [I] [serverAgent.go:165] ------readmsg:{"ModeType":"Client","Uid":60,"MsgId":0,"MsgType":"SC_ChangeGameTurn","ConnectId":10000,"JsonData":"{\"GameSeatIndex\":0,\"Time\":60,\"EveryTime\":30}"}
2018-04-17T15:08:01+08:00 [dq] [I] [agent.go:51] ------readmsg len76:{"ModeType":"Game5G","MsgType":"CS_DoGame5G","JsonData":"{\"X\":9,\"Y\":7}"}
2018-04-17T15:08:01+08:00 [dq] [I] [serverAgent.go:165] ------readmsg:{"ModeType":"Client","Uid":61,"MsgId":0,"MsgType":"SC_DoGame5G","ConnectId":10001,"JsonData":"{\"GameSeatIndex\":0,\"X\":9,\"Y\":7,\"Time\":60}"}
2018-04-17T15:08:01+08:00 [dq] [I] [serverAgent.go:165] ------readmsg:{"ModeType":"Client","Uid":60,"MsgId":0,"MsgType":"SC_DoGame5G","ConnectId":10000,"JsonData":"{\"GameSeatIndex\":0,\"X\":9,\"Y\":7,\"Time\":60}"}
2018-04-17T15:08:01+08:00 [dq] [I] [serverAgent.go:165] ------readmsg:{"ModeType":"Client","Uid":61,"MsgId":0,"MsgType":"SC_ChangeGameTurn","ConnectId":10001,"JsonData":"{\"GameSeatIndex\":1,\"Time\":60,\"EveryTime\":30}"}
2018-04-17T15:08:01+08:00 [dq] [I] [serverAgent.go:165] ------readmsg:{"ModeType":"Client","Uid":60,"MsgId":0,"MsgType":"SC_ChangeGameTurn","ConnectId":10000,"JsonData":"{\"GameSeatIndex\":1,\"Time\":60,\"EveryTime\":30}"}
2018-04-17T15:08:02+08:00 [dq] [I] [agent.go:51] ------readmsg len76:{"ModeType":"Game5G","MsgType":"CS_DoGame5G","JsonData":"{\"X\":8,\"Y\":1}"}
2018-04-17T15:08:02+08:00 [dq] [I] [serverAgent.go:165] ------readmsg:{"ModeType":"Client","Uid":61,"MsgId":0,"MsgType":"SC_DoGame5G","ConnectId":10001,"JsonData":"{\"GameSeatIndex\":1,\"X\":8,\"Y\":1,\"Time\":60}"}
2018-04-17T15:08:02+08:00 [dq] [I] [serverAgent.go:165] ------readmsg:{"ModeType":"Client","Uid":60,"MsgId":0,"MsgType":"SC_DoGame5G","ConnectId":10000,"JsonData":"{\"GameSeatIndex\":1,\"X\":8,\"Y\":1,\"Time\":60}"}
2018-04-17T15:08:02+08:00 [dq] [I] [serverAgent.go:165] ------readmsg:{"ModeType":"Client","Uid":61,"MsgId":0,"MsgType":"SC_ChangeGameTurn","ConnectId":10001,"JsonData":"{\"GameSeatIndex\":0,\"Time\":60,\"EveryTime\":30}"}
2018-04-17T15:08:02+08:00 [dq] [I] [serverAgent.go:165] ------readmsg:{"ModeType":"Client","Uid":60,"MsgId":0,"MsgType":"SC_ChangeGameTurn","ConnectId":10000,"JsonData":"{\"GameSeatIndex\":0,\"Time\":60,\"EveryTime\":30}"}
2018-04-17T15:08:04+08:00 [dq] [I] [agent.go:51] ------readmsg len77:{"ModeType":"Game5G","MsgType":"CS_DoGame5G","JsonData":"{\"X\":10,\"Y\":7}"}
2018-04-17T15:08:04+08:00 [dq] [I] [serverAgent.go:165] ------readmsg:{"ModeType":"Client","Uid":61,"MsgId":0,"MsgType":"SC_DoGame5G","ConnectId":10001,"JsonData":"{\"GameSeatIndex\":0,\"X\":10,\"Y\":7,\"Time\":60}"}
2018-04-17T15:08:04+08:00 [dq] [I] [serverAgent.go:165] ------readmsg:{"ModeType":"Client","Uid":60,"MsgId":0,"MsgType":"SC_DoGame5G","ConnectId":10000,"JsonData":"{\"GameSeatIndex\":0,\"X\":10,\"Y\":7,\"Time\":60}"}
2018-04-17T15:08:04+08:00 [dq] [I] [serverAgent.go:165] ------readmsg:{"ModeType":"Client","Uid":61,"MsgId":0,"MsgType":"SC_ChangeGameTurn","ConnectId":10001,"JsonData":"{\"GameSeatIndex\":1,\"Time\":60,\"EveryTime\":30}"}
2018-04-17T15:08:04+08:00 [dq] [I] [serverAgent.go:165] ------readmsg:{"ModeType":"Client","Uid":60,"MsgId":0,"MsgType":"SC_ChangeGameTurn","ConnectId":10000,"JsonData":"{\"GameSeatIndex\":1,\"Time\":60,\"EveryTime\":30}"}
2018-04-17T15:08:05+08:00 [dq] [I] [agent.go:51] ------readmsg len77:{"ModeType":"Game5G","MsgType":"CS_DoGame5G","JsonData":"{\"X\":10,\"Y\":0}"}
2018-04-17T15:08:05+08:00 [dq] [I] [serverAgent.go:165] ------readmsg:{"ModeType":"Client","Uid":61,"MsgId":0,"MsgType":"SC_DoGame5G","ConnectId":10001,"JsonData":"{\"GameSeatIndex\":1,\"X\":10,\"Y\":0,\"Time\":60}"}
2018-04-17T15:08:05+08:00 [dq] [I] [serverAgent.go:165] ------readmsg:{"ModeType":"Client","Uid":60,"MsgId":0,"MsgType":"SC_DoGame5G","ConnectId":10000,"JsonData":"{\"GameSeatIndex\":1,\"X\":10,\"Y\":0,\"Time\":60}"}
2018-04-17T15:08:05+08:00 [dq] [I] [serverAgent.go:165] ------readmsg:{"ModeType":"Client","Uid":61,"MsgId":0,"MsgType":"SC_ChangeGameTurn","ConnectId":10001,"JsonData":"{\"GameSeatIndex\":0,\"Time\":60,\"EveryTime\":30}"}
2018-04-17T15:08:05+08:00 [dq] [I] [serverAgent.go:165] ------readmsg:{"ModeType":"Client","Uid":60,"MsgId":0,"MsgType":"SC_ChangeGameTurn","ConnectId":10000,"JsonData":"{\"GameSeatIndex\":0,\"Time\":60,\"EveryTime\":30}"}
2018-04-17T15:08:07+08:00 [dq] [I] [agent.go:51] ------readmsg len77:{"ModeType":"Game5G","MsgType":"CS_DoGame5G","JsonData":"{\"X\":11,\"Y\":7}"}
2018-04-17T15:08:07+08:00 [dq] [I] [gamelogic.go:303] ----------win:10-----lose:8
2018-04-17T15:08:07+08:00 [dq] [I] [serverAgent.go:165] ------readmsg:{"ModeType":"Client","Uid":61,"MsgId":0,"MsgType":"SC_DoGame5G","ConnectId":10001,"JsonData":"{\"GameSeatIndex\":0,\"X\":11,\"Y\":7,\"Time\":60}"}
2018-04-17T15:08:07+08:00 [dq] [I] [serverAgent.go:165] ------readmsg:{"ModeType":"Client","Uid":60,"MsgId":0,"MsgType":"SC_DoGame5G","ConnectId":10000,"JsonData":"{\"GameSeatIndex\":0,\"X\":11,\"Y\":7,\"Time\":60}"}
2018-04-17T15:08:07+08:00 [dq] [I] [serverAgent.go:165] ------readmsg:{"ModeType":"Client","Uid":61,"MsgId":0,"MsgType":"SC_MsgHallInfo","ConnectId":10001,"JsonData":"{\"PlayerInfo\":{\"Uid\":61,\"Name\":\"xiaoming61\",\"Gold\":0,\"WinCount\":2,\"LoseCount\":1,\"SeasonScore\":1012}}"}
2018-04-17T15:08:07+08:00 [dq] [I] [serverAgent.go:165] ------readmsg:{"ModeType":"Client","Uid":60,"MsgId":0,"MsgType":"SC_MsgHallInfo","ConnectId":10000,"JsonData":"{\"PlayerInfo\":{\"Uid\":60,\"Name\":\"xiaoming60\",\"Gold\":0,\"WinCount\":1,\"LoseCount\":2,\"SeasonScore\":994}}"}
2018-04-17T15:08:07+08:00 [dq] [I] [serverAgent.go:165] ------readmsg:{"ModeType":"Client","Uid":61,"MsgId":0,"MsgType":"SC_GameOver","ConnectId":10001,"JsonData":"{\"WinPlayerSeatIndex\":0}"}
2018-04-17T15:08:07+08:00 [dq] [I] [serverAgent.go:165] ------readmsg:{"ModeType":"Client","Uid":60,"MsgId":0,"MsgType":"SC_GameOver","ConnectId":10000,"JsonData":"{\"WinPlayerSeatIndex\":0}"}
2018-04-17T15:08:25+08:00 [dq] [D] [agent.go:34] read message: websocket: close 1006 (abnormal closure): unexpected EOF
2018-04-17T15:08:25+08:00 [dq] [I] [agent.go:112] --un login--:61
2018-04-17T15:08:25+08:00 [dq] [I] [hallAgent.go:89] ----DoDisConnectData uid:61--
2018-04-17T15:08:37+08:00 [dq] [D] [agent.go:34] read message: read tcp 127.0.0.1:1117->127.0.0.1:64231: i/o timeout
2018-04-17T15:08:37+08:00 [dq] [I] [agent.go:112] --un login--:60
2018-04-17T15:08:37+08:00 [dq] [I] [hallAgent.go:89] ----DoDisConnectData uid:60--
2018-04-17T15:13:01+08:00 [dq] [I] [ws_server.go:75] SvrConnHandler
2018-04-17T15:13:01+08:00 [dq] [I] [agent.go:51] ------readmsg len119:{"ModeType":"Login","MsgType":"CS_MsgQuickLogin","JsonData":"{\"Platform\":\"ios\",\"MachineId\":\"123456791211231\"}"}
2018-04-17T15:13:01+08:00 [dq] [I] [loginAgent.go:151] ---------user login:60
2018-04-17T15:13:01+08:00 [dq] [I] [serverAgent.go:165] ------readmsg:{"ModeType":"Gate","Uid":60,"MsgId":0,"MsgType":"UserLogin","ConnectId":10002,"JsonData":""}
2018-04-17T15:13:01+08:00 [dq] [I] [serverAgent.go:92] --login--:60
2018-04-17T15:13:01+08:00 [dq] [I] [serverAgent.go:165] ------readmsg:{"ModeType":"Client","Uid":60,"MsgId":0,"MsgType":"SC_LoginResponse","ConnectId":10002,"JsonData":"{\"result\":1}"}
2018-04-17T15:13:01+08:00 [dq] [I] [serverAgent.go:165] ------readmsg:{"ModeType":"Hall","Uid":60,"MsgId":0,"MsgType":"GetInfo","ConnectId":10002,"JsonData":"{\"result\":1}"}
2018-04-17T15:13:01+08:00 [dq] [I] [serverAgent.go:165] ------readmsg:{"ModeType":"Client","Uid":60,"MsgId":0,"MsgType":"SC_MsgHallInfo","ConnectId":10002,"JsonData":"{\"PlayerInfo\":{\"Uid\":60,\"Name\":\"xiaoming60\",\"Gold\":0,\"WinCount\":1,\"LoseCount\":2,\"SeasonScore\":994}}"}
2018-04-17T15:13:01+08:00 [dq] [I] [serverAgent.go:165] ------readmsg:{"ModeType":"Game5G","Uid":60,"MsgId":0,"MsgType":"CheckGame","ConnectId":10002,"JsonData":""}
2018-04-17T15:13:19+08:00 [dq] [D] [agent.go:34] read message: read tcp 127.0.0.1:1117->127.0.0.1:64252: i/o timeout
2018-04-17T15:13:19+08:00 [dq] [I] [agent.go:112] --un login--:60
2018-04-17T15:13:19+08:00 [dq] [I] [hallAgent.go:89] ----DoDisConnectData uid:60--
2018-04-17T15:20:34+08:00 [dq] [D] [app.go:149] dq closing down (signal: interrupt) 4
2018-04-17T15:20:34+08:00 [dq] [D] [hallAgent.go:223] read message: read tcp 127.0.0.1:64225->127.0.0.1:1234: use of closed network connection
2018-04-17T15:20:34+08:00 [dq] [D] [game5gAgent.go:344] read message: read tcp 127.0.0.1:64224->127.0.0.1:1234: use of closed network connection
